<?xml version="1.0" encoding="UTF-8"?>
<!-- Generated by org.testng.reporters.JUnitReportReporter -->
<testsuite hostname="DESKTOP-S5MMF0I" failures="0" tests="1" name="TestCases.E2E_OrderTest" time="19.079" errors="0" timestamp="2023-05-08T15:31:28 IST" skipped="0">
  <testcase classname="TestCases.E2E_OrderTest" name="placeOrder" time="19.079"/>
  <system-out/>
</testsuite> <!-- TestCases.E2E_OrderTest -->
